0 info it worked if it ends with ok
1 verbose cli [ 'C:\\Program Files\\nodejs\\node.exe',
1 verbose cli   'C:\\Program Files\\nodejs\\node_modules\\npm\\bin\\npm-cli.js',
1 verbose cli   'run',
1 verbose cli   'dev' ]
2 info using npm@4.1.2
3 info using node@v7.6.0
4 verbose stack Error: Invalid version: "2.0"
4 verbose stack     at Object.fixVersionField (C:\Program Files\nodejs\node_modules\npm\node_modules\normalize-package-data\lib\fixer.js:191:13)
4 verbose stack     at C:\Program Files\nodejs\node_modules\npm\node_modules\normalize-package-data\lib\normalize.js:32:38
4 verbose stack     at Array.forEach (native)
4 verbose stack     at normalize (C:\Program Files\nodejs\node_modules\npm\node_modules\normalize-package-data\lib\normalize.js:31:15)
4 verbose stack     at final (C:\Program Files\nodejs\node_modules\npm\node_modules\read-package-json\read-json.js:349:5)
4 verbose stack     at then (C:\Program Files\nodejs\node_modules\npm\node_modules\read-package-json\read-json.js:124:5)
4 verbose stack     at C:\Program Files\nodejs\node_modules\npm\node_modules\read-package-json\read-json.js:243:12
4 verbose stack     at C:\Program Files\nodejs\node_modules\npm\node_modules\graceful-fs\graceful-fs.js:78:16
4 verbose stack     at tryToString (fs.js:447:3)
4 verbose stack     at FSReqWrap.readFileAfterClose [as oncomplete] (fs.js:434:12)
5 verbose cwd E:\JS\JS 1710A\JS Three\20-Vue project\vue-book-master\vue-book-master
6 error Windows_NT 10.0.15063
7 error argv "C:\\Program Files\\nodejs\\node.exe" "C:\\Program Files\\nodejs\\node_modules\\npm\\bin\\npm-cli.js" "run" "dev"
8 error node v7.6.0
9 error npm  v4.1.2
10 error Invalid version: "2.0"
11 error If you need help, you may report this error at:
11 error     <https://github.com/npm/npm/issues>
12 verbose exit [ 1, true ]
